INFO:pygls.server:Starting TCP server on 127.0.0.1:2087
DEBUG:pygls.protocol:Received bytearray(b'Content-Length: 4563\r\n\r\n')
DEBUG:pygls.protocol:Received bytearray(b'{"jsonrpc":"2.0","id":0,"method":"initialize","params":{"processId":27424,"clientInfo":{"name":"Visual Studio Code","version":"1.66.2"},"locale":"en-us","rootPath":null,"rootUri":null,"capabilities":{"workspace":{"applyEdit":true,"workspaceEdit":{"documentChanges":true,"resourceOperations":["create","rename","delete"],"failureHandling":"textOnlyTransactional","normalizesLineEndings":true,"changeAnnotationSupport":{"groupsOnLabel":true}},"didChangeConfiguration":{"dynamicRegistration":true},"didChangeWatchedFiles":{"dynamicRegistration":true},"symbol":{"dynamicRegistration":true,"symbolKind":{"valueSet":[1,2,3,4,5,6,7,8,9,10,11,12,13,14,15,16,17,18,19,20,21,22,23,24,25,26]},"tagSupport":{"valueSet":[1]}},"codeLens":{"refreshSupport":true},"executeCommand":{"dynamicRegistration":true},"configuration":true,"workspaceFolders":true,"semanticTokens":{"refreshSupport":true},"fileOperations":{"dynamicRegistration":true,"didCreate":true,"didRename":true,"didDelete":true,"willCreate":true,"willRename":true,"willDelete":true}},"textDocument":{"publishDiagnostics":{"relatedInformation":true,"versionSupport":false,"tagSupport":{"valueSet":[1,2]},"codeDescriptionSupport":true,"dataSupport":true},"synchronization":{"dynamicRegistration":true,"willSave":true,"willSaveWaitUntil":true,"didSave":true},"completion":{"dynamicRegistration":true,"contextSupport":true,"completionItem":{"snippetSupport":true,"commitCharactersSupport":true,"documentationFormat":["markdown","plaintext"],"deprecatedSupport":true,"preselectSupport":true,"tagSupport":{"valueSet":[1]},"insertReplaceSupport":true,"resolveSupport":{"properties":["documentation","detail","additionalTextEdits"]},"insertTextModeSupport":{"valueSet":[1,2]}},"completionItemKind":{"valueSet":[1,2,3,4,5,6,7,8,9,10,11,12,13,14,15,16,17,18,19,20,21,22,23,24,25]}},"hover":{"dynamicRegistration":true,"contentFormat":["markdown","plaintext"]},"signatureHelp":{"dynamicRegistration":true,"signatureInformation":{"documentationFormat":["markdown","plaintext"],"parameterInformation":{"labelOffsetSupport":true},"activeParameterSupport":true},"contextSupport":true},"definition":{"dynamicRegistration":true,"linkSupport":true},"references":{"dynamicRegistration":true},"documentHighlight":{"dynamicRegistration":true},"documentSymbol":{"dynamicRegistration":true,"symbolKind":{"valueSet":[1,2,3,4,5,6,7,8,9,10,11,12,13,14,15,16,17,18,19,20,21,22,23,24,25,26]},"hierarchicalDocumentSymbolSupport":true,"tagSupport":{"valueSet":[1]},"labelSupport":true},"codeAction":{"dynamicRegistration":true,"isPreferredSupport":true,"disabledSupport":true,"dataSupport":true,"resolveSupport":{"properties":["edit"]},"codeActionLiteralSupport":{"codeActionKind":{"valueSet":["","quickfix","refactor","refactor.extract","refactor.inline","refactor.rewrite","source","source.organizeImports"]}},"honorsChangeAnnotations":false},"codeLens":{"dynamicRegistration":true},"formatting":{"dynamicRegistration":true},"rangeFormatting":{"dynamicRegistration":true},"onTypeFormatting":{"dynamicRegistration":true},"rename":{"dynamicRegistration":true,"prepareSupport":true,"prepareSupportDefaultBehavior":1,"honorsChangeAnnotations":true},"documentLink":{"dynamicRegistration":true,"tooltipSupport":true},"typeDefinition":{"dynamicRegistration":true,"linkSupport":true},"implementation":{"dynamicRegistration":true,"linkSupport":true},"colorProvider":{"dynamicRegistration":true},"foldingRange":{"dynamicRegistration":true,"rangeLimit":5000,"lineFoldingOnly":true},"declaration":{"dynamicRegistration":true,"linkSupport":true},"selectionRange":{"dynamicRegistration":true},"callHierarchy":{"dynamicRegistration":true},"semanticTokens":{"dynamicRegistration":true,"tokenTypes":["namespace","type","class","enum","interface","struct","typeParameter","parameter","variable","property","enumMember","event","function","method","macro","keyword","modifier","comment","string","number","regexp","operator"],"tokenModifiers":["declaration","definition","readonly","static","deprecated","abstract","async","modification","documentation","defaultLibrary"],"formats":["relative"],"requests":{"range":true,"full":{"delta":true}},"multilineTokenSupport":false,"overlappingTokenSupport":false},"linkedEditingRange":{"dynamicRegistration":true}},"window":{"showMessage":{"messageActionItem":{"additionalPropertiesSupport":true}},"showDocument":{"support":true},"workDoneProgress":true},"general":{"regularExpressions":{"engine":"ECMAScript","version":"ES2020"},"markdown":{"parser":"marked","version":"1.1.0"}}},"trace":"off","workspaceFolders":null}}')
DEBUG:pygls.protocol:Request message received.
INFO:pygls.protocol:Language server initialized work_done_token=None process_id=27424 root_uri=None capabilities=ClientCapabilities(workspace=WorkspaceClientCapabilities(apply_edit=True, workspace_edit=WorkspaceEditClientCapabilities(document_changes=True, resource_operations=[<ResourceOperationKind.Create: 'create'>, <ResourceOperationKind.Rename: 'rename'>, <ResourceOperationKind.Delete: 'delete'>], failure_handling=<FailureHandlingKind.TextOnlyTransactional: 'textOnlyTransactional'>, normalizes_line_endings=True, change_annotation_support=ChangeAnnotationSupport(groups_on_label=True)), did_change_configuration=DidChangeConfigurationClientCapabilities(dynamic_registration=True), did_change_watched_files=DidChangeWatchedFilesClientCapabilities(dynamic_registration=True), symbol=WorkspaceSymbolClientCapabilities(dynamic_registration=True, symbol_kind=WorkspaceCapabilitiesSymbolKind(value_set=[<SymbolKind.File: 1>, <SymbolKind.Module: 2>, <SymbolKind.Namespace: 3>, <SymbolKind.Package: 4>, <SymbolKind.Class: 5>, <SymbolKind.Method: 6>, <SymbolKind.Property: 7>, <SymbolKind.Field: 8>, <SymbolKind.Constructor: 9>, <SymbolKind.Enum: 10>, <SymbolKind.Interface: 11>, <SymbolKind.Function: 12>, <SymbolKind.Variable: 13>, <SymbolKind.Constant: 14>, <SymbolKind.String: 15>, <SymbolKind.Number: 16>, <SymbolKind.Boolean: 17>, <SymbolKind.Array: 18>, <SymbolKind.Object: 19>, <SymbolKind.Key: 20>, <SymbolKind.Null: 21>, <SymbolKind.EnumMember: 22>, <SymbolKind.Struct: 23>, <SymbolKind.Event: 24>, <SymbolKind.Operator: 25>, <SymbolKind.TypeParameter: 26>]), tag_support=WorkspaceCapabilitiesTagSupport(value_set=[<SymbolKind.File: 1>])), execute_command=ExecuteCommandClientCapabilities(dynamic_registration=True), workspace_folders=True, configuration=True, semantic_tokens=SemanticTokensWorkspaceClientCapabilities(refresh_support=True), code_lens=CodeLensWorkspaceClientCapabilities(refresh_support=True), file_operations=FileOperationsClientCapabilities(dynamic_registration=True, did_create=True, will_create=True, did_rename=True, will_rename=True, did_delete=True, will_delete=True)), text_document=TextDocumentClientCapabilities(synchronization=TextDocumentSyncClientCapabilities(dynamic_registration=True, will_save=True, will_save_wait_until=True, did_save=True), completion=CompletionClientCapabilities(dynamic_registration=True, completion_item=CompletionItemClientCapabilities(snippet_support=True, commit_characters_support=True, documentation_format=[<MarkupKind.Markdown: 'markdown'>, <MarkupKind.PlainText: 'plaintext'>], deprecated_support=True, preselect_support=True, tag_support=CompletionTagSupportClientCapabilities(value_set=[<CompletionItemTag.Deprecated: 1>]), insert_replace_support=True, resolve_support=ResolveSupportClientCapabilities(properties=['documentation', 'detail', 'additionalTextEdits']), insert_text_mode_support=InsertTextModeSupportClientCapabilities(value_set=[<InsertTextMode.AsIs: 1>, <InsertTextMode.AdjustIndentation: 2>])), completion_item_kind=CompletionItemKindClientCapabilities(value_set=[<CompletionItemKind.Text: 1>, <CompletionItemKind.Method: 2>, <CompletionItemKind.Function: 3>, <CompletionItemKind.Constructor: 4>, <CompletionItemKind.Field: 5>, <CompletionItemKind.Variable: 6>, <CompletionItemKind.Class: 7>, <CompletionItemKind.Interface: 8>, <CompletionItemKind.Module: 9>, <CompletionItemKind.Property: 10>, <CompletionItemKind.Unit: 11>, <CompletionItemKind.Value: 12>, <CompletionItemKind.Enum: 13>, <CompletionItemKind.Keyword: 14>, <CompletionItemKind.Snippet: 15>, <CompletionItemKind.Color: 16>, <CompletionItemKind.File: 17>, <CompletionItemKind.Reference: 18>, <CompletionItemKind.Folder: 19>, <CompletionItemKind.EnumMember: 20>, <CompletionItemKind.Constant: 21>, <CompletionItemKind.Struct: 22>, <CompletionItemKind.Event: 23>, <CompletionItemKind.Operator: 24>, <CompletionItemKind.TypeParameter: 25>]), context_support=True), hover=HoverClientCapabilities(dynamic_registration=True, content_format=[<MarkupKind.Markdown: 'markdown'>, <MarkupKind.PlainText: 'plaintext'>]), signature_help=SignatureHelpClientCapabilities(dynamic_registration=True, signature_information=SignatureHelpInformationClientCapabilities(documentation_format=[<MarkupKind.Markdown: 'markdown'>, <MarkupKind.PlainText: 'plaintext'>], parameter_information=SignatureHelpInformationParameterInformationClientCapabilities(label_offset_support=True), active_parameter_support=True), context_support=True), declaration=DeclarationClientCapabilities(dynamic_registration=True, link_support=True), definition=DefinitionClientCapabilities(dynamic_registration=True, link_support=True), type_definition=TypeDefinitionClientCapabilities(dynamic_registration=True, link_support=True), implementation=ImplementationClientCapabilities(dynamic_registration=True, link_support=True), references=ReferenceClientCapabilities(dynamic_registration=True), document_highlight=DocumentHighlightClientCapabilities(dynamic_registration=True), document_symbol=DocumentSymbolClientCapabilities(dynamic_registration=True, symbol_kind=WorkspaceCapabilitiesSymbolKind(value_set=[<SymbolKind.File: 1>, <SymbolKind.Module: 2>, <SymbolKind.Namespace: 3>, <SymbolKind.Package: 4>, <SymbolKind.Class: 5>, <SymbolKind.Method: 6>, <SymbolKind.Property: 7>, <SymbolKind.Field: 8>, <SymbolKind.Constructor: 9>, <SymbolKind.Enum: 10>, <SymbolKind.Interface: 11>, <SymbolKind.Function: 12>, <SymbolKind.Variable: 13>, <SymbolKind.Constant: 14>, <SymbolKind.String: 15>, <SymbolKind.Number: 16>, <SymbolKind.Boolean: 17>, <SymbolKind.Array: 18>, <SymbolKind.Object: 19>, <SymbolKind.Key: 20>, <SymbolKind.Null: 21>, <SymbolKind.EnumMember: 22>, <SymbolKind.Struct: 23>, <SymbolKind.Event: 24>, <SymbolKind.Operator: 25>, <SymbolKind.TypeParameter: 26>]), hierarchical_document_symbol_support=True, tag_support=WorkspaceCapabilitiesTagSupport(value_set=[<SymbolKind.File: 1>]), label_support=True), code_action=CodeActionClientCapabilities(dynamic_registration=True, code_action_literal_support=CodeActionLiteralSupportClientCapabilities(code_action_kind=CodeActionLiteralSupportActionKindClientCapabilities(value_set=['', 'quickfix', 'refactor', 'refactor.extract', 'refactor.inline', 'refactor.rewrite', 'source', 'source.organizeImports'])), is_preferred_support=True, disabled_support=True, data_support=True, resolve_support=ResolveSupportClientCapabilities(properties=['edit']), honors_change_annotations=False), code_lens=CodeLensClientCapabilities(dynamic_registration=True), document_link=DocumentLinkClientCapabilities(dynamic_registration=True, tooltip_support=True), color_provider=DocumentColorClientCapabilities(dynamic_registration=True), formatting=DocumentFormattingClientCapabilities(dynamic_registration=True), range_formatting=DocumentRangeFormattingClientCapabilities(dynamic_registration=True), on_type_formatting=DocumentOnTypeFormattingClientCapabilities(dynamic_registration=True), rename=RenameClientCapabilities(dynamic_registration=True, prepare_support=True, prepare_support_default_behavior=<PrepareSupportDefaultBehavior.Identifier: 1>, honors_change_annotations=True), publish_diagnostics=PublishDiagnosticsClientCapabilities(related_information=True, tag_support=PublishDiagnosticsTagSupportClientCapabilities(value_set=[<DiagnosticTag.Unnecessary: 1>, <DiagnosticTag.Deprecated: 2>]), version_support=False, code_description_support=True, data_support=True), folding_range=FoldingRangeClientCapabilities(dynamic_registration=True, range_limit=5000, line_folding_only=True), selection_range=SelectionRangeClientCapabilities(dynamic_registration=True), linked_editing_range=LinkedEditingRangeClientCapabilities(dynamic_registration=True), call_hierarchy=CallHierarchyClientCapabilities(dynamic_registration=True), semantic_tokens=SemanticTokensClientCapabilities(requests=SemanticTokensRequests(range=True, full=SemanticTokensRequestsFull(delta=True)), token_types=['namespace', 'type', 'class', 'enum', 'interface', 'struct', 'typeParameter', 'parameter', 'variable', 'property', 'enumMember', 'event', 'function', 'method', 'macro', 'keyword', 'modifier', 'comment', 'string', 'number', 'regexp', 'operator'], token_modifiers=['declaration', 'definition', 'readonly', 'static', 'deprecated', 'abstract', 'async', 'modification', 'documentation', 'defaultLibrary'], formats=[<TokenFormat.Relative: 'relative'>], overlapping_token_support=False, multiline_token_support=False, dynamic_registration=True), moniker=None), window=WindowClientCapabilities(work_done_progress=True, show_message=ShowMessageRequestClientCapabilities(message_action_item=ShowMessageRequestActionItem(additional_properties_support=True)), show_document=ShowDocumentClientCapabilities(support=True)), general=GeneralClientCapabilities(regular_expressions=RegularExpressionsClientCapabilities(engine='ECMAScript', version='ES2020'), markdown=MarkdownClientCapabilities(parser='marked', version='1.1.0')), experimental=None) client_info=ClientInfo(name='Visual Studio Code', version='1.66.2') locale='en-us' root_path=None initialization_options=None trace=<Trace.Off: 'off'> workspace_folders=None
DEBUG:pygls.protocol:Server capabilities: {'text_document_sync': {'open_close': True, 'change': <TextDocumentSyncKind.INCREMENTAL: 2>, 'will_save': False, 'will_save_wait_until': False, 'save': False}, 'completion_provider': {'work_done_progress': None, 'trigger_characters': [','], 'all_commit_characters': None, 'resolve_provider': None}, 'hover_provider': True, 'signature_help_provider': None, 'declaration_provider': None, 'definition_provider': None, 'type_definition_provider': None, 'implementation_provider': None, 'references_provider': None, 'document_highlight_provider': True, 'document_symbol_provider': None, 'code_action_provider': None, 'code_lens_provider': None, 'document_link_provider': None, 'color_provider': None, 'document_formatting_provider': None, 'document_range_formatting_provider': None, 'document_on_type_formatting_provider': None, 'rename_provider': None, 'folding_range_provider': None, 'execute_command_provider': {'work_done_progress': None, 'commands': ['countDownBlocking', 'countDownNonBlocking', 'progress', 'registerCompletions', 'showConfigurationAsync', 'showConfigurationCallback', 'showConfigurationThread', 'unregisterCompletions']}, 'selection_range_provider': None, 'linked_editing_range_provider': None, 'call_hierarchy_provider': None, 'semantic_tokens_provider': {'work_done_progress': None, 'legend': {'token_types': ['operator'], 'token_modifiers': []}, 'range': None, 'full': True}, 'moniker_provider': None, 'workspace_symbol_provider': None, 'workspace': {'workspace_folders': {'supported': True, 'change_notifications': True}, 'file_operations': {'did_create': None, 'will_create': None, 'did_rename': None, 'will_rename': None, 'did_delete': None, 'will_delete': None}}, 'experimental': None}
INFO:pygls.protocol:Sending data: {"jsonrpc": "2.0", "id": 0, "result": {"capabilities": {"textDocumentSync": {"openClose": true, "change": 2, "willSave": false, "willSaveWaitUntil": false, "save": false}, "completionProvider": {"triggerCharacters": [","]}, "hoverProvider": true, "documentHighlightProvider": true, "executeCommandProvider": {"commands": ["countDownBlocking", "countDownNonBlocking", "progress", "registerCompletions", "showConfigurationAsync", "showConfigurationCallback", "showConfigurationThread", "unregisterCompletions"]}, "semanticTokensProvider": {"legend": {"tokenTypes": ["operator"], "tokenModifiers": []}, "range": null, "full": true}, "workspace": {"workspaceFolders": {"supported": true, "changeNotifications": true}, "fileOperations": {}}}}}
DEBUG:pygls.protocol:Received bytearray(b'Content-Length: 52\r\n\r\n')
DEBUG:pygls.protocol:Received bytearray(b'{"jsonrpc":"2.0","method":"initialized","params":{}}')
DEBUG:pygls.protocol:Notification message received.
DEBUG:pygls.protocol:Received bytearray(b'Content-Length: 657\r\n\r\n')
DEBUG:pygls.protocol:Received bytearray(b'{"jsonrpc":"2.0","method":"textDocument/didOpen","params":{"textDocument":{"uri":"file:///c%3A/Users/GGPC/TTTTTTTTT.py","languageId":"python","version":1,"text":"class Foo:\\r\\n    def __init__(self, x):\\r\\n        self.x = x\\r\\n    \\r\\n    def bar(self):\\r\\n        if self.x < 10:\\r\\n            return True\\r\\n        else:\\r\\n            return False\\r\\ndef my_function(x):\\r\\n    if x > 5:\\r\\n        res = \'Is Greater\'\\r\\n    else:\\r\\n        res = \'Is Smaller or Equal\'\\r\\n    return res\\r\\n\\r\\ndef my_function_no_error(y):\\r\\n    if x > 5:\\r\\n        return \'Is Greater\'\\r\\n    return \'Is Smaller or Equal\'\\r\\n\\r\\n\\r\\n\\r\\n\\r\\n\\r\\n\\r\\n\\r\\n\\r\\n\\r\\n"}}}')
DEBUG:pygls.protocol:Notification message received.
DEBUG:pygls.protocol:Sending notification: "window/showMessage" type=<MessageType.Info: 3> message='Text Document Did Open'
INFO:pygls.protocol:Sending data: {"jsonrpc": "2.0", "method": "window/showMessage", "params": {"type": 3, "message": "Text Document Did Open"}}
DEBUG:pygls.protocol:Sending notification: "window/logMessage" type=<MessageType.Log: 4> message='Validating json...'
INFO:pygls.protocol:Sending data: {"jsonrpc": "2.0", "method": "window/logMessage", "params": {"type": 4, "message": "Validating json..."}}
DEBUG:pygls.protocol:Sending notification: "textDocument/publishDiagnostics" uri='file:///c%3A/Users/GGPC/TTTTTTTTT.py' diagnostics=[Diagnostic(range=0:0-0:1, message='Expecting value', severity=None, code=None, code_description=None, source='JsonLanguageServer', related_information=None, tags=None, data=None)] version=None
INFO:pygls.protocol:Sending data: {"jsonrpc": "2.0", "method": "textDocument/publishDiagnostics", "params": {"uri": "file:///c%3A/Users/GGPC/TTTTTTTTT.py", "diagnostics": [{"range": {"start": {"line": 0, "character": 0}, "end": {"line": 0, "character": 1}}, "message": "Expecting value", "source": "JsonLanguageServer"}]}}
DEBUG:pygls.protocol:Received bytearray(b'Content-Length: 164\r\n\r\n')
DEBUG:pygls.protocol:Received bytearray(b'{"jsonrpc":"2.0","id":1,"method":"textDocument/hover","params":{"textDocument":{"uri":"file:///c%3A/Users/GGPC/TTTTTTTTT.py"},"position":{"line":16,"character":3}}}')
DEBUG:pygls.protocol:Request message received.
INFO:pygls.protocol:Sending data: {"jsonrpc": "2.0", "id": 1, "result": null}
DEBUG:pygls.protocol:Received bytearray(b'Content-Length: 62\r\n\r\n')
DEBUG:pygls.protocol:Received bytearray(b'{"jsonrpc":"2.0","method":"$/cancelRequest","params":{"id":1}}')
DEBUG:pygls.protocol:Notification message received.
WARNING:pygls.protocol:Cancel notification for unknown message id "1"
DEBUG:pygls.protocol:Received bytearray(b'Content-Length: 164\r\n\r\n')
DEBUG:pygls.protocol:Received bytearray(b'{"jsonrpc":"2.0","id":2,"method":"textDocument/hover","params":{"textDocument":{"uri":"file:///c%3A/Users/GGPC/TTTTTTTTT.py"},"position":{"line":17,"character":5}}}')
DEBUG:pygls.protocol:Request message received.
INFO:pygls.protocol:Sending data: {"jsonrpc": "2.0", "id": 2, "result": null}
DEBUG:pygls.protocol:Received bytearray(b'Content-Length: 176\r\n\r\n')
DEBUG:pygls.protocol:Received bytearray(b'{"jsonrpc":"2.0","id":3,"method":"textDocument/documentHighlight","params":{"textDocument":{"uri":"file:///c%3A/Users/GGPC/TTTTTTTTT.py"},"position":{"line":17,"character":5}}}')
DEBUG:pygls.protocol:Request message received.
DEBUG:pygls.protocol:Sending notification: "window/logMessage" type=<MessageType.Log: 4> message='woooooooooooooo!'
INFO:pygls.protocol:Sending data: {"jsonrpc": "2.0", "method": "window/logMessage", "params": {"type": 4, "message": "woooooooooooooo!"}}
INFO:pygls.protocol:Sending data: {"jsonrpc": "2.0", "id": 3, "result": [{"range": {"start": {"line": 10, "character": 4}, "end": {"line": 14, "character": 14}}}, {"range": {"start": {"line": 5, "character": 8}, "end": {"line": 8, "character": 24}}}]}
DEBUG:pygls.protocol:Received bytearray(b'Content-Length: 164\r\n\r\n')
DEBUG:pygls.protocol:Received bytearray(b'{"jsonrpc":"2.0","id":4,"method":"textDocument/hover","params":{"textDocument":{"uri":"file:///c%3A/Users/GGPC/TTTTTTTTT.py"},"position":{"line":17,"character":3}}}')
DEBUG:pygls.protocol:Request message received.
INFO:pygls.protocol:Sending data: {"jsonrpc": "2.0", "id": 4, "result": null}
DEBUG:pygls.protocol:Received bytearray(b'Content-Length: 62\r\n\r\n')
DEBUG:pygls.protocol:Received bytearray(b'{"jsonrpc":"2.0","method":"$/cancelRequest","params":{"id":4}}')
DEBUG:pygls.protocol:Notification message received.
WARNING:pygls.protocol:Cancel notification for unknown message id "4"
DEBUG:pygls.protocol:Received bytearray(b'Content-Length: 164\r\n\r\n')
DEBUG:pygls.protocol:Received bytearray(b'{"jsonrpc":"2.0","id":5,"method":"textDocument/hover","params":{"textDocument":{"uri":"file:///c%3A/Users/GGPC/TTTTTTTTT.py"},"position":{"line":16,"character":3}}}')
DEBUG:pygls.protocol:Request message received.
INFO:pygls.protocol:Sending data: {"jsonrpc": "2.0", "id": 5, "result": null}
DEBUG:pygls.protocol:Received bytearray(b'Content-Length: 62\r\n\r\n')
DEBUG:pygls.protocol:Received bytearray(b'{"jsonrpc":"2.0","method":"$/cancelRequest","params":{"id":5}}')
DEBUG:pygls.protocol:Notification message received.
WARNING:pygls.protocol:Cancel notification for unknown message id "5"
DEBUG:pygls.protocol:Received bytearray(b'Content-Length: 176\r\n\r\n')
DEBUG:pygls.protocol:Received bytearray(b'{"jsonrpc":"2.0","id":6,"method":"textDocument/documentHighlight","params":{"textDocument":{"uri":"file:///c%3A/Users/GGPC/TTTTTTTTT.py"},"position":{"line":16,"character":2}}}')
DEBUG:pygls.protocol:Request message received.
DEBUG:pygls.protocol:Sending notification: "window/logMessage" type=<MessageType.Log: 4> message='woooooooooooooo!'
INFO:pygls.protocol:Sending data: {"jsonrpc": "2.0", "method": "window/logMessage", "params": {"type": 4, "message": "woooooooooooooo!"}}
INFO:pygls.protocol:Sending data: {"jsonrpc": "2.0", "id": 6, "result": [{"range": {"start": {"line": 10, "character": 4}, "end": {"line": 14, "character": 14}}}, {"range": {"start": {"line": 5, "character": 8}, "end": {"line": 8, "character": 24}}}]}
DEBUG:pygls.protocol:Received bytearray(b'Content-Length: 164\r\n\r\n')
DEBUG:pygls.protocol:Received bytearray(b'{"jsonrpc":"2.0","id":7,"method":"textDocument/hover","params":{"textDocument":{"uri":"file:///c%3A/Users/GGPC/TTTTTTTTT.py"},"position":{"line":16,"character":3}}}')
DEBUG:pygls.protocol:Request message received.
INFO:pygls.protocol:Sending data: {"jsonrpc": "2.0", "id": 7, "result": null}
DEBUG:pygls.protocol:Received bytearray(b'Content-Length: 164\r\n\r\n')
DEBUG:pygls.protocol:Received bytearray(b'{"jsonrpc":"2.0","id":8,"method":"textDocument/hover","params":{"textDocument":{"uri":"file:///c%3A/Users/GGPC/TTTTTTTTT.py"},"position":{"line":17,"character":4}}}')
DEBUG:pygls.protocol:Request message received.
INFO:pygls.protocol:Sending data: {"jsonrpc": "2.0", "id": 8, "result": null}
DEBUG:pygls.protocol:Received bytearray(b'Content-Length: 176\r\n\r\n')
DEBUG:pygls.protocol:Received bytearray(b'{"jsonrpc":"2.0","id":9,"method":"textDocument/documentHighlight","params":{"textDocument":{"uri":"file:///c%3A/Users/GGPC/TTTTTTTTT.py"},"position":{"line":17,"character":5}}}')
DEBUG:pygls.protocol:Request message received.
DEBUG:pygls.protocol:Sending notification: "window/logMessage" type=<MessageType.Log: 4> message='woooooooooooooo!'
INFO:pygls.protocol:Sending data: {"jsonrpc": "2.0", "method": "window/logMessage", "params": {"type": 4, "message": "woooooooooooooo!"}}
INFO:pygls.protocol:Sending data: {"jsonrpc": "2.0", "id": 9, "result": [{"range": {"start": {"line": 10, "character": 4}, "end": {"line": 14, "character": 14}}}, {"range": {"start": {"line": 5, "character": 8}, "end": {"line": 8, "character": 24}}}]}
DEBUG:pygls.protocol:Received bytearray(b'Content-Length: 165\r\n\r\n')
DEBUG:pygls.protocol:Received bytearray(b'{"jsonrpc":"2.0","id":10,"method":"textDocument/hover","params":{"textDocument":{"uri":"file:///c%3A/Users/GGPC/TTTTTTTTT.py"},"position":{"line":17,"character":5}}}')
DEBUG:pygls.protocol:Request message received.
INFO:pygls.protocol:Sending data: {"jsonrpc": "2.0", "id": 10, "result": null}
DEBUG:pygls.protocol:Received bytearray(b'Content-Length: 165\r\n\r\n')
DEBUG:pygls.protocol:Received bytearray(b'{"jsonrpc":"2.0","id":11,"method":"textDocument/hover","params":{"textDocument":{"uri":"file:///c%3A/Users/GGPC/TTTTTTTTT.py"},"position":{"line":18,"character":5}}}')
DEBUG:pygls.protocol:Request message received.
INFO:pygls.protocol:Sending data: {"jsonrpc": "2.0", "id": 11, "result": null}
DEBUG:pygls.protocol:Received bytearray(b'Content-Length: 165\r\n\r\n')
DEBUG:pygls.protocol:Received bytearray(b'{"jsonrpc":"2.0","id":12,"method":"textDocument/hover","params":{"textDocument":{"uri":"file:///c%3A/Users/GGPC/TTTTTTTTT.py"},"position":{"line":18,"character":6}}}')
DEBUG:pygls.protocol:Request message received.
INFO:pygls.protocol:Sending data: {"jsonrpc": "2.0", "id": 12, "result": null}
DEBUG:pygls.protocol:Received bytearray(b'Content-Length: 165\r\n\r\n')
DEBUG:pygls.protocol:Received bytearray(b'{"jsonrpc":"2.0","id":13,"method":"textDocument/hover","params":{"textDocument":{"uri":"file:///c%3A/Users/GGPC/TTTTTTTTT.py"},"position":{"line":18,"character":7}}}')
DEBUG:pygls.protocol:Request message received.
INFO:pygls.protocol:Sending data: {"jsonrpc": "2.0", "id": 13, "result": null}
DEBUG:pygls.protocol:Received bytearray(b'Content-Length: 165\r\n\r\n')
DEBUG:pygls.protocol:Received bytearray(b'{"jsonrpc":"2.0","id":14,"method":"textDocument/hover","params":{"textDocument":{"uri":"file:///c%3A/Users/GGPC/TTTTTTTTT.py"},"position":{"line":6,"character":13}}}')
DEBUG:pygls.protocol:Request message received.
DEBUG:pygls.protocol:Sending notification: "window/logMessage" type=<MessageType.Log: 4> message='HOVER'
INFO:pygls.protocol:Sending data: {"jsonrpc": "2.0", "method": "window/logMessage", "params": {"type": 4, "message": "HOVER"}}
INFO:pygls.protocol:Sending data: {"jsonrpc": "2.0", "id": 14, "result": null}
DEBUG:pygls.protocol:Received bytearray(b'Content-Length: 63\r\n\r\n')
DEBUG:pygls.protocol:Received bytearray(b'{"jsonrpc":"2.0","method":"$/cancelRequest","params":{"id":14}}')
DEBUG:pygls.protocol:Notification message received.
WARNING:pygls.protocol:Cancel notification for unknown message id "14"
DEBUG:pygls.protocol:Received bytearray(b'Content-Length: 177\r\n\r\n')
DEBUG:pygls.protocol:Received bytearray(b'{"jsonrpc":"2.0","id":15,"method":"textDocument/documentHighlight","params":{"textDocument":{"uri":"file:///c%3A/Users/GGPC/TTTTTTTTT.py"},"position":{"line":6,"character":14}}}')
DEBUG:pygls.protocol:Request message received.
DEBUG:pygls.protocol:Sending notification: "window/logMessage" type=<MessageType.Log: 4> message='woooooooooooooo!'
INFO:pygls.protocol:Sending data: {"jsonrpc": "2.0", "method": "window/logMessage", "params": {"type": 4, "message": "woooooooooooooo!"}}
INFO:pygls.protocol:Sending data: {"jsonrpc": "2.0", "id": 15, "result": [{"range": {"start": {"line": 10, "character": 4}, "end": {"line": 14, "character": 14}}}, {"range": {"start": {"line": 5, "character": 8}, "end": {"line": 8, "character": 24}}}]}
DEBUG:pygls.protocol:Received bytearray(b'Content-Length: 164\r\n\r\n')
DEBUG:pygls.protocol:Received bytearray(b'{"jsonrpc":"2.0","id":16,"method":"textDocument/hover","params":{"textDocument":{"uri":"file:///c%3A/Users/GGPC/TTTTTTTTT.py"},"position":{"line":2,"character":9}}}')
DEBUG:pygls.protocol:Request message received.
INFO:pygls.protocol:Sending data: {"jsonrpc": "2.0", "id": 16, "result": null}
DEBUG:pygls.protocol:Received bytearray(b'Content-Length: 165\r\n\r\n')
DEBUG:pygls.protocol:Received bytearray(b'{"jsonrpc":"2.0","id":17,"method":"textDocument/hover","params":{"textDocument":{"uri":"file:///c%3A/Users/GGPC/TTTTTTTTT.py"},"position":{"line":9,"character":16}}}')
DEBUG:pygls.protocol:Request message received.
DEBUG:pygls.protocol:Sending notification: "window/logMessage" type=<MessageType.Log: 4> message='HOVER'
INFO:pygls.protocol:Sending data: {"jsonrpc": "2.0", "method": "window/logMessage", "params": {"type": 4, "message": "HOVER"}}
INFO:pygls.protocol:Sending data: {"jsonrpc": "2.0", "id": 17, "result": null}
DEBUG:pygls.protocol:Received bytearray(b'Content-Length: 63\r\n\r\n')
DEBUG:pygls.protocol:Received bytearray(b'{"jsonrpc":"2.0","method":"$/cancelRequest","params":{"id":17}}')
DEBUG:pygls.protocol:Notification message received.
WARNING:pygls.protocol:Cancel notification for unknown message id "17"
DEBUG:pygls.protocol:Received bytearray(b'Content-Length: 165\r\n\r\n')
DEBUG:pygls.protocol:Received bytearray(b'{"jsonrpc":"2.0","id":18,"method":"textDocument/hover","params":{"textDocument":{"uri":"file:///c%3A/Users/GGPC/TTTTTTTTT.py"},"position":{"line":8,"character":15}}}')
DEBUG:pygls.protocol:Request message received.
INFO:pygls.protocol:Sending data: {"jsonrpc": "2.0", "id": 18, "result": null}
DEBUG:pygls.protocol:Received bytearray(b'Content-Length: 177\r\n\r\n')
DEBUG:pygls.protocol:Received bytearray(b'{"jsonrpc":"2.0","id":19,"method":"textDocument/documentHighlight","params":{"textDocument":{"uri":"file:///c%3A/Users/GGPC/TTTTTTTTT.py"},"position":{"line":8,"character":16}}}')
DEBUG:pygls.protocol:Request message received.
DEBUG:pygls.protocol:Sending notification: "window/logMessage" type=<MessageType.Log: 4> message='woooooooooooooo!'
INFO:pygls.protocol:Sending data: {"jsonrpc": "2.0", "method": "window/logMessage", "params": {"type": 4, "message": "woooooooooooooo!"}}
INFO:pygls.protocol:Sending data: {"jsonrpc": "2.0", "id": 19, "result": [{"range": {"start": {"line": 10, "character": 4}, "end": {"line": 14, "character": 14}}}, {"range": {"start": {"line": 5, "character": 8}, "end": {"line": 8, "character": 24}}}]}
DEBUG:pygls.protocol:Received bytearray(b'Content-Length: 166\r\n\r\n')
DEBUG:pygls.protocol:Received bytearray(b'{"jsonrpc":"2.0","id":20,"method":"textDocument/hover","params":{"textDocument":{"uri":"file:///c%3A/Users/GGPC/TTTTTTTTT.py"},"position":{"line":17,"character":11}}}')
DEBUG:pygls.protocol:Request message received.
INFO:pygls.protocol:Sending data: {"jsonrpc": "2.0", "id": 20, "result": null}
DEBUG:pygls.protocol:Received bytearray(b'Content-Length: 166\r\n\r\n')
DEBUG:pygls.protocol:Received bytearray(b'{"jsonrpc":"2.0","id":21,"method":"textDocument/hover","params":{"textDocument":{"uri":"file:///c%3A/Users/GGPC/TTTTTTTTT.py"},"position":{"line":18,"character":10}}}')
DEBUG:pygls.protocol:Request message received.
INFO:pygls.protocol:Sending data: {"jsonrpc": "2.0", "id": 21, "result": null}
DEBUG:pygls.protocol:Received bytearray(b'Content-Length: 63\r\n\r\n')
DEBUG:pygls.protocol:Received bytearray(b'{"jsonrpc":"2.0","method":"$/cancelRequest","params":{"id":21}}Content-Length: 178\r\n\r\n{"jsonrpc":"2.0","id":22,"method":"textDocument/documentHighlight","params":{"textDocument":{"uri":"file:///c%3A/Users/GGPC/TTTTTTTTT.py"},"position":{"line":18,"character":11}}}')
DEBUG:pygls.protocol:Notification message received.
WARNING:pygls.protocol:Cancel notification for unknown message id "21"
DEBUG:pygls.protocol:Request message received.
DEBUG:pygls.protocol:Sending notification: "window/logMessage" type=<MessageType.Log: 4> message='woooooooooooooo!'
INFO:pygls.protocol:Sending data: {"jsonrpc": "2.0", "method": "window/logMessage", "params": {"type": 4, "message": "woooooooooooooo!"}}
INFO:pygls.protocol:Sending data: {"jsonrpc": "2.0", "id": 22, "result": [{"range": {"start": {"line": 10, "character": 4}, "end": {"line": 14, "character": 14}}}, {"range": {"start": {"line": 5, "character": 8}, "end": {"line": 8, "character": 24}}}]}
DEBUG:pygls.protocol:Received bytearray(b'Content-Length: 166\r\n\r\n')
DEBUG:pygls.protocol:Received bytearray(b'{"jsonrpc":"2.0","id":23,"method":"textDocument/hover","params":{"textDocument":{"uri":"file:///c%3A/Users/GGPC/TTTTTTTTT.py"},"position":{"line":18,"character":10}}}')
DEBUG:pygls.protocol:Request message received.
INFO:pygls.protocol:Sending data: {"jsonrpc": "2.0", "id": 23, "result": null}
DEBUG:pygls.protocol:Received bytearray(b'Content-Length: 165\r\n\r\n')
DEBUG:pygls.protocol:Received bytearray(b'{"jsonrpc":"2.0","id":24,"method":"textDocument/hover","params":{"textDocument":{"uri":"file:///c%3A/Users/GGPC/TTTTTTTTT.py"},"position":{"line":16,"character":1}}}')
DEBUG:pygls.protocol:Request message received.
INFO:pygls.protocol:Sending data: {"jsonrpc": "2.0", "id": 24, "result": null}
DEBUG:pygls.protocol:Received bytearray(b'Content-Length: 165\r\n\r\n')
DEBUG:pygls.protocol:Received bytearray(b'{"jsonrpc":"2.0","id":25,"method":"textDocument/hover","params":{"textDocument":{"uri":"file:///c%3A/Users/GGPC/TTTTTTTTT.py"},"position":{"line":17,"character":2}}}')
DEBUG:pygls.protocol:Request message received.
INFO:pygls.protocol:Sending data: {"jsonrpc": "2.0", "id": 25, "result": null}
DEBUG:pygls.protocol:Received bytearray(b'Content-Length: 63\r\n\r\n')
DEBUG:pygls.protocol:Received bytearray(b'{"jsonrpc":"2.0","method":"$/cancelRequest","params":{"id":25}}')
DEBUG:pygls.protocol:Notification message received.
WARNING:pygls.protocol:Cancel notification for unknown message id "25"
DEBUG:pygls.protocol:Received bytearray(b'Content-Length: 165\r\n\r\n')
DEBUG:pygls.protocol:Received bytearray(b'{"jsonrpc":"2.0","id":26,"method":"textDocument/hover","params":{"textDocument":{"uri":"file:///c%3A/Users/GGPC/TTTTTTTTT.py"},"position":{"line":16,"character":1}}}')
DEBUG:pygls.protocol:Request message received.
INFO:pygls.protocol:Sending data: {"jsonrpc": "2.0", "id": 26, "result": null}
DEBUG:pygls.protocol:Received bytearray(b'Content-Length: 63\r\n\r\n')
DEBUG:pygls.protocol:Received bytearray(b'{"jsonrpc":"2.0","method":"$/cancelRequest","params":{"id":26}}Content-Length: 177\r\n\r\n{"jsonrpc":"2.0","id":27,"method":"textDocument/documentHighlight","params":{"textDocument":{"uri":"file:///c%3A/Users/GGPC/TTTTTTTTT.py"},"position":{"line":16,"character":2}}}')
DEBUG:pygls.protocol:Notification message received.
WARNING:pygls.protocol:Cancel notification for unknown message id "26"
DEBUG:pygls.protocol:Request message received.
DEBUG:pygls.protocol:Sending notification: "window/logMessage" type=<MessageType.Log: 4> message='woooooooooooooo!'
INFO:pygls.protocol:Sending data: {"jsonrpc": "2.0", "method": "window/logMessage", "params": {"type": 4, "message": "woooooooooooooo!"}}
INFO:pygls.protocol:Sending data: {"jsonrpc": "2.0", "id": 27, "result": [{"range": {"start": {"line": 10, "character": 4}, "end": {"line": 14, "character": 14}}}, {"range": {"start": {"line": 5, "character": 8}, "end": {"line": 8, "character": 24}}}]}
DEBUG:pygls.protocol:Received bytearray(b'Content-Length: 165\r\n\r\n')
DEBUG:pygls.protocol:Received bytearray(b'{"jsonrpc":"2.0","id":28,"method":"textDocument/hover","params":{"textDocument":{"uri":"file:///c%3A/Users/GGPC/TTTTTTTTT.py"},"position":{"line":17,"character":6}}}')
DEBUG:pygls.protocol:Request message received.
INFO:pygls.protocol:Sending data: {"jsonrpc": "2.0", "id": 28, "result": null}
DEBUG:pygls.protocol:Received bytearray(b'Content-Length: 165\r\n\r\n')
DEBUG:pygls.protocol:Received bytearray(b'{"jsonrpc":"2.0","id":29,"method":"textDocument/hover","params":{"textDocument":{"uri":"file:///c%3A/Users/GGPC/TTTTTTTTT.py"},"position":{"line":17,"character":4}}}')
DEBUG:pygls.protocol:Request message received.
INFO:pygls.protocol:Sending data: {"jsonrpc": "2.0", "id": 29, "result": null}
DEBUG:pygls.protocol:Received bytearray(b'Content-Length: 177\r\n\r\n')
DEBUG:pygls.protocol:Received bytearray(b'{"jsonrpc":"2.0","id":30,"method":"textDocument/documentHighlight","params":{"textDocument":{"uri":"file:///c%3A/Users/GGPC/TTTTTTTTT.py"},"position":{"line":17,"character":5}}}')
DEBUG:pygls.protocol:Request message received.
DEBUG:pygls.protocol:Sending notification: "window/logMessage" type=<MessageType.Log: 4> message='woooooooooooooo!'
INFO:pygls.protocol:Sending data: {"jsonrpc": "2.0", "method": "window/logMessage", "params": {"type": 4, "message": "woooooooooooooo!"}}
INFO:pygls.protocol:Sending data: {"jsonrpc": "2.0", "id": 30, "result": [{"range": {"start": {"line": 10, "character": 4}, "end": {"line": 14, "character": 14}}}, {"range": {"start": {"line": 5, "character": 8}, "end": {"line": 8, "character": 24}}}]}
DEBUG:pygls.protocol:Received bytearray(b'Content-Length: 165\r\n\r\n')
DEBUG:pygls.protocol:Received bytearray(b'{"jsonrpc":"2.0","id":31,"method":"textDocument/hover","params":{"textDocument":{"uri":"file:///c%3A/Users/GGPC/TTTTTTTTT.py"},"position":{"line":18,"character":9}}}')
DEBUG:pygls.protocol:Request message received.
INFO:pygls.protocol:Sending data: {"jsonrpc": "2.0", "id": 31, "result": null}
DEBUG:pygls.protocol:Received bytearray(b'Content-Length: 177\r\n\r\n')
DEBUG:pygls.protocol:Received bytearray(b'{"jsonrpc":"2.0","id":32,"method":"textDocument/documentHighlight","params":{"textDocument":{"uri":"file:///c%3A/Users/GGPC/TTTTTTTTT.py"},"position":{"line":18,"character":9}}}')
DEBUG:pygls.protocol:Request message received.
DEBUG:pygls.protocol:Sending notification: "window/logMessage" type=<MessageType.Log: 4> message='woooooooooooooo!'
INFO:pygls.protocol:Sending data: {"jsonrpc": "2.0", "method": "window/logMessage", "params": {"type": 4, "message": "woooooooooooooo!"}}
INFO:pygls.protocol:Sending data: {"jsonrpc": "2.0", "id": 32, "result": [{"range": {"start": {"line": 10, "character": 4}, "end": {"line": 14, "character": 14}}}, {"range": {"start": {"line": 5, "character": 8}, "end": {"line": 8, "character": 24}}}]}
DEBUG:pygls.protocol:Received bytearray(b'Content-Length: 165\r\n\r\n')
DEBUG:pygls.protocol:Received bytearray(b'{"jsonrpc":"2.0","id":33,"method":"textDocument/hover","params":{"textDocument":{"uri":"file:///c%3A/Users/GGPC/TTTTTTTTT.py"},"position":{"line":19,"character":7}}}')
DEBUG:pygls.protocol:Request message received.
INFO:pygls.protocol:Sending data: {"jsonrpc": "2.0", "id": 33, "result": null}
DEBUG:pygls.protocol:Received bytearray(b'Content-Length: 63\r\n\r\n')
DEBUG:pygls.protocol:Received bytearray(b'{"jsonrpc":"2.0","method":"$/cancelRequest","params":{"id":33}}Content-Length: 177\r\n\r\n{"jsonrpc":"2.0","id":34,"method":"textDocument/documentHighlight","params":{"textDocument":{"uri":"file:///c%3A/Users/GGPC/TTTTTTTTT.py"},"position":{"line":19,"character":8}}}')
DEBUG:pygls.protocol:Notification message received.
WARNING:pygls.protocol:Cancel notification for unknown message id "33"
DEBUG:pygls.protocol:Request message received.
DEBUG:pygls.protocol:Sending notification: "window/logMessage" type=<MessageType.Log: 4> message='woooooooooooooo!'
INFO:pygls.protocol:Sending data: {"jsonrpc": "2.0", "method": "window/logMessage", "params": {"type": 4, "message": "woooooooooooooo!"}}
INFO:pygls.protocol:Sending data: {"jsonrpc": "2.0", "id": 34, "result": [{"range": {"start": {"line": 10, "character": 4}, "end": {"line": 14, "character": 14}}}, {"range": {"start": {"line": 5, "character": 8}, "end": {"line": 8, "character": 24}}}]}
DEBUG:pygls.protocol:Received bytearray(b'Content-Length: 164\r\n\r\n')
DEBUG:pygls.protocol:Received bytearray(b'{"jsonrpc":"2.0","id":35,"method":"textDocument/hover","params":{"textDocument":{"uri":"file:///c%3A/Users/GGPC/TTTTTTTTT.py"},"position":{"line":9,"character":3}}}')
DEBUG:pygls.protocol:Request message received.
DEBUG:pygls.protocol:Sending notification: "window/logMessage" type=<MessageType.Log: 4> message='HOVER'
INFO:pygls.protocol:Sending data: {"jsonrpc": "2.0", "method": "window/logMessage", "params": {"type": 4, "message": "HOVER"}}
INFO:pygls.protocol:Sending data: {"jsonrpc": "2.0", "id": 35, "result": null}
DEBUG:pygls.protocol:Received bytearray(b'Content-Length: 165\r\n\r\n')
DEBUG:pygls.protocol:Received bytearray(b'{"jsonrpc":"2.0","id":36,"method":"textDocument/hover","params":{"textDocument":{"uri":"file:///c%3A/Users/GGPC/TTTTTTTTT.py"},"position":{"line":10,"character":3}}}')
DEBUG:pygls.protocol:Request message received.
INFO:pygls.protocol:Sending data: {"jsonrpc": "2.0", "id": 36, "result": null}
DEBUG:pygls.protocol:Received bytearray(b'Content-Length: 164\r\n\r\n')
DEBUG:pygls.protocol:Received bytearray(b'{"jsonrpc":"2.0","id":37,"method":"textDocument/hover","params":{"textDocument":{"uri":"file:///c%3A/Users/GGPC/TTTTTTTTT.py"},"position":{"line":9,"character":0}}}')
DEBUG:pygls.protocol:Request message received.
DEBUG:pygls.protocol:Sending notification: "window/logMessage" type=<MessageType.Log: 4> message='HOVER'
INFO:pygls.protocol:Sending data: {"jsonrpc": "2.0", "method": "window/logMessage", "params": {"type": 4, "message": "HOVER"}}
INFO:pygls.protocol:Sending data: {"jsonrpc": "2.0", "id": 37, "result": null}
DEBUG:pygls.protocol:Received bytearray(b'Content-Length: 176\r\n\r\n')
DEBUG:pygls.protocol:Received bytearray(b'{"jsonrpc":"2.0","id":38,"method":"textDocument/documentHighlight","params":{"textDocument":{"uri":"file:///c%3A/Users/GGPC/TTTTTTTTT.py"},"position":{"line":9,"character":0}}}')
DEBUG:pygls.protocol:Request message received.
DEBUG:pygls.protocol:Sending notification: "window/logMessage" type=<MessageType.Log: 4> message='woooooooooooooo!'
INFO:pygls.protocol:Sending data: {"jsonrpc": "2.0", "method": "window/logMessage", "params": {"type": 4, "message": "woooooooooooooo!"}}
INFO:pygls.protocol:Sending data: {"jsonrpc": "2.0", "id": 38, "result": [{"range": {"start": {"line": 10, "character": 4}, "end": {"line": 14, "character": 14}}}, {"range": {"start": {"line": 5, "character": 8}, "end": {"line": 8, "character": 24}}}]}
DEBUG:pygls.protocol:Received bytearray(b'Content-Length: 164\r\n\r\n')
DEBUG:pygls.protocol:Received bytearray(b'{"jsonrpc":"2.0","id":39,"method":"textDocument/hover","params":{"textDocument":{"uri":"file:///c%3A/Users/GGPC/TTTTTTTTT.py"},"position":{"line":9,"character":0}}}')
DEBUG:pygls.protocol:Request message received.
DEBUG:pygls.protocol:Sending notification: "window/logMessage" type=<MessageType.Log: 4> message='HOVER'
INFO:pygls.protocol:Sending data: {"jsonrpc": "2.0", "method": "window/logMessage", "params": {"type": 4, "message": "HOVER"}}
INFO:pygls.protocol:Sending data: {"jsonrpc": "2.0", "id": 39, "result": null}
DEBUG:pygls.protocol:Received bytearray(b'Content-Length: 164\r\n\r\n')
DEBUG:pygls.protocol:Received bytearray(b'{"jsonrpc":"2.0","id":40,"method":"textDocument/hover","params":{"textDocument":{"uri":"file:///c%3A/Users/GGPC/TTTTTTTTT.py"},"position":{"line":1,"character":1}}}')
DEBUG:pygls.protocol:Request message received.
INFO:pygls.protocol:Sending data: {"jsonrpc": "2.0", "id": 40, "result": null}
DEBUG:pygls.protocol:Received bytearray(b'Content-Length: 63\r\n\r\n')
DEBUG:pygls.protocol:Received bytearray(b'{"jsonrpc":"2.0","method":"$/cancelRequest","params":{"id":40}}')
DEBUG:pygls.protocol:Notification message received.
WARNING:pygls.protocol:Cancel notification for unknown message id "40"
DEBUG:pygls.protocol:Received bytearray(b'Content-Length: 164\r\n\r\n')
DEBUG:pygls.protocol:Received bytearray(b'{"jsonrpc":"2.0","id":41,"method":"textDocument/hover","params":{"textDocument":{"uri":"file:///c%3A/Users/GGPC/TTTTTTTTT.py"},"position":{"line":0,"character":1}}}')
DEBUG:pygls.protocol:Request message received.
INFO:pygls.protocol:Sending data: {"jsonrpc": "2.0", "id": 41, "result": null}
DEBUG:pygls.protocol:Received bytearray(b'Content-Length: 63\r\n\r\n')
DEBUG:pygls.protocol:Received bytearray(b'{"jsonrpc":"2.0","method":"$/cancelRequest","params":{"id":41}}Content-Length: 176\r\n\r\n{"jsonrpc":"2.0","id":42,"method":"textDocument/documentHighlight","params":{"textDocument":{"uri":"file:///c%3A/Users/GGPC/TTTTTTTTT.py"},"position":{"line":0,"character":2}}}')
DEBUG:pygls.protocol:Notification message received.
WARNING:pygls.protocol:Cancel notification for unknown message id "41"
DEBUG:pygls.protocol:Request message received.
DEBUG:pygls.protocol:Sending notification: "window/logMessage" type=<MessageType.Log: 4> message='woooooooooooooo!'
INFO:pygls.protocol:Sending data: {"jsonrpc": "2.0", "method": "window/logMessage", "params": {"type": 4, "message": "woooooooooooooo!"}}
INFO:pygls.protocol:Sending data: {"jsonrpc": "2.0", "id": 42, "result": [{"range": {"start": {"line": 10, "character": 4}, "end": {"line": 14, "character": 14}}}, {"range": {"start": {"line": 5, "character": 8}, "end": {"line": 8, "character": 24}}}]}
DEBUG:pygls.protocol:Received bytearray(b'Content-Length: 164\r\n\r\n')
DEBUG:pygls.protocol:Received bytearray(b'{"jsonrpc":"2.0","id":43,"method":"textDocument/hover","params":{"textDocument":{"uri":"file:///c%3A/Users/GGPC/TTTTTTTTT.py"},"position":{"line":9,"character":7}}}')
DEBUG:pygls.protocol:Request message received.
DEBUG:pygls.protocol:Sending notification: "window/logMessage" type=<MessageType.Log: 4> message='HOVER'
INFO:pygls.protocol:Sending data: {"jsonrpc": "2.0", "method": "window/logMessage", "params": {"type": 4, "message": "HOVER"}}
INFO:pygls.protocol:Sending data: {"jsonrpc": "2.0", "id": 43, "result": null}
DEBUG:pygls.protocol:Received bytearray(b'Content-Length: 63\r\n\r\n')
DEBUG:pygls.protocol:Received bytearray(b'{"jsonrpc":"2.0","method":"$/cancelRequest","params":{"id":43}}')
DEBUG:pygls.protocol:Notification message received.
WARNING:pygls.protocol:Cancel notification for unknown message id "43"
DEBUG:pygls.protocol:Received bytearray(b'Content-Length: 165\r\n\r\n')
DEBUG:pygls.protocol:Received bytearray(b'{"jsonrpc":"2.0","id":44,"method":"textDocument/hover","params":{"textDocument":{"uri":"file:///c%3A/Users/GGPC/TTTTTTTTT.py"},"position":{"line":10,"character":7}}}')
DEBUG:pygls.protocol:Request message received.
INFO:pygls.protocol:Sending data: {"jsonrpc": "2.0", "id": 44, "result": null}
DEBUG:pygls.protocol:Received bytearray(b'Content-Length: 165\r\n\r\n')
DEBUG:pygls.protocol:Received bytearray(b'{"jsonrpc":"2.0","id":45,"method":"textDocument/hover","params":{"textDocument":{"uri":"file:///c%3A/Users/GGPC/TTTTTTTTT.py"},"position":{"line":16,"character":1}}}')
DEBUG:pygls.protocol:Request message received.
INFO:pygls.protocol:Sending data: {"jsonrpc": "2.0", "id": 45, "result": null}
DEBUG:pygls.protocol:Received bytearray(b'Content-Length: 63\r\n\r\n')
DEBUG:pygls.protocol:Received bytearray(b'{"jsonrpc":"2.0","method":"$/cancelRequest","params":{"id":45}}')
DEBUG:pygls.protocol:Notification message received.
WARNING:pygls.protocol:Cancel notification for unknown message id "45"
DEBUG:pygls.protocol:Received bytearray(b'Content-Length: 165\r\n\r\n')
DEBUG:pygls.protocol:Received bytearray(b'{"jsonrpc":"2.0","id":46,"method":"textDocument/hover","params":{"textDocument":{"uri":"file:///c%3A/Users/GGPC/TTTTTTTTT.py"},"position":{"line":14,"character":6}}}')
DEBUG:pygls.protocol:Request message received.
INFO:pygls.protocol:Sending data: {"jsonrpc": "2.0", "id": 46, "result": null}
DEBUG:pygls.protocol:Received bytearray(b'Content-Length: 63\r\n\r\n')
DEBUG:pygls.protocol:Received bytearray(b'{"jsonrpc":"2.0","method":"$/cancelRequest","params":{"id":46}}')
DEBUG:pygls.protocol:Notification message received.
WARNING:pygls.protocol:Cancel notification for unknown message id "46"
DEBUG:pygls.protocol:Received bytearray(b'Content-Length: 165\r\n\r\n')
DEBUG:pygls.protocol:Received bytearray(b'{"jsonrpc":"2.0","id":47,"method":"textDocument/hover","params":{"textDocument":{"uri":"file:///c%3A/Users/GGPC/TTTTTTTTT.py"},"position":{"line":13,"character":7}}}')
DEBUG:pygls.protocol:Request message received.
INFO:pygls.protocol:Sending data: {"jsonrpc": "2.0", "id": 47, "result": null}
DEBUG:pygls.protocol:Received bytearray(b'Content-Length: 165\r\n\r\n')
DEBUG:pygls.protocol:Received bytearray(b'{"jsonrpc":"2.0","id":48,"method":"textDocument/hover","params":{"textDocument":{"uri":"file:///c%3A/Users/GGPC/TTTTTTTTT.py"},"position":{"line":7,"character":12}}}')
DEBUG:pygls.protocol:Request message received.
INFO:pygls.protocol:Sending data: {"jsonrpc": "2.0", "id": 48, "result": null}
DEBUG:pygls.protocol:Received bytearray(b'Content-Length: 63\r\n\r\n')
DEBUG:pygls.protocol:Received bytearray(b'{"jsonrpc":"2.0","method":"$/cancelRequest","params":{"id":48}}')
DEBUG:pygls.protocol:Notification message received.
WARNING:pygls.protocol:Cancel notification for unknown message id "48"
DEBUG:pygls.protocol:Received bytearray(b'Content-Length: 165\r\n\r\n')
DEBUG:pygls.protocol:Received bytearray(b'{"jsonrpc":"2.0","id":49,"method":"textDocument/hover","params":{"textDocument":{"uri":"file:///c%3A/Users/GGPC/TTTTTTTTT.py"},"position":{"line":7,"character":10}}}')
DEBUG:pygls.protocol:Request message received.
INFO:pygls.protocol:Sending data: {"jsonrpc": "2.0", "id": 49, "result": null}
DEBUG:pygls.protocol:Received bytearray(b'Content-Length: 165\r\n\r\n')
DEBUG:pygls.protocol:Received bytearray(b'{"jsonrpc":"2.0","id":50,"method":"textDocument/hover","params":{"textDocument":{"uri":"file:///c%3A/Users/GGPC/TTTTTTTTT.py"},"position":{"line":7,"character":10}}}')
DEBUG:pygls.protocol:Request message received.
INFO:pygls.protocol:Sending data: {"jsonrpc": "2.0", "id": 50, "result": null}
DEBUG:pygls.protocol:Received bytearray(b'Content-Length: 166\r\n\r\n')
DEBUG:pygls.protocol:Received bytearray(b'{"jsonrpc":"2.0","id":51,"method":"textDocument/hover","params":{"textDocument":{"uri":"file:///c%3A/Users/GGPC/TTTTTTTTT.py"},"position":{"line":10,"character":12}}}')
DEBUG:pygls.protocol:Request message received.
INFO:pygls.protocol:Sending data: {"jsonrpc": "2.0", "id": 51, "result": null}
DEBUG:pygls.protocol:Received bytearray(b'Content-Length: 63\r\n\r\n')
DEBUG:pygls.protocol:Received bytearray(b'{"jsonrpc":"2.0","method":"$/cancelRequest","params":{"id":51}}')
DEBUG:pygls.protocol:Notification message received.
WARNING:pygls.protocol:Cancel notification for unknown message id "51"
DEBUG:pygls.protocol:Received bytearray(b'Content-Length: 166\r\n\r\n')
DEBUG:pygls.protocol:Received bytearray(b'{"jsonrpc":"2.0","id":52,"method":"textDocument/hover","params":{"textDocument":{"uri":"file:///c%3A/Users/GGPC/TTTTTTTTT.py"},"position":{"line":11,"character":11}}}')
DEBUG:pygls.protocol:Request message received.
INFO:pygls.protocol:Sending data: {"jsonrpc": "2.0", "id": 52, "result": null}
DEBUG:pygls.protocol:Received bytearray(b'Content-Length: 63\r\n\r\n')
DEBUG:pygls.protocol:Received bytearray(b'{"jsonrpc":"2.0","method":"$/cancelRequest","params":{"id":52}}')
DEBUG:pygls.protocol:Notification message received.
WARNING:pygls.protocol:Cancel notification for unknown message id "52"
DEBUG:pygls.protocol:Received bytearray(b'Content-Length: 165\r\n\r\n')
DEBUG:pygls.protocol:Received bytearray(b'{"jsonrpc":"2.0","id":53,"method":"textDocument/hover","params":{"textDocument":{"uri":"file:///c%3A/Users/GGPC/TTTTTTTTT.py"},"position":{"line":13,"character":4}}}')
DEBUG:pygls.protocol:Request message received.
INFO:pygls.protocol:Sending data: {"jsonrpc": "2.0", "id": 53, "result": null}
DEBUG:pygls.protocol:Received bytearray(b'Content-Length: 164\r\n\r\n')
DEBUG:pygls.protocol:Received bytearray(b'{"jsonrpc":"2.0","id":54,"method":"textDocument/hover","params":{"textDocument":{"uri":"file:///c%3A/Users/GGPC/TTTTTTTTT.py"},"position":{"line":9,"character":3}}}')
DEBUG:pygls.protocol:Request message received.
DEBUG:pygls.protocol:Sending notification: "window/logMessage" type=<MessageType.Log: 4> message='HOVER'
INFO:pygls.protocol:Sending data: {"jsonrpc": "2.0", "method": "window/logMessage", "params": {"type": 4, "message": "HOVER"}}
INFO:pygls.protocol:Sending data: {"jsonrpc": "2.0", "id": 54, "result": null}
DEBUG:pygls.protocol:Received bytearray(b'Content-Length: 63\r\n\r\n')
DEBUG:pygls.protocol:Received bytearray(b'{"jsonrpc":"2.0","method":"$/cancelRequest","params":{"id":54}}')
DEBUG:pygls.protocol:Notification message received.
WARNING:pygls.protocol:Cancel notification for unknown message id "54"
DEBUG:pygls.protocol:Received bytearray(b'Content-Length: 176\r\n\r\n')
DEBUG:pygls.protocol:Received bytearray(b'{"jsonrpc":"2.0","id":55,"method":"textDocument/documentHighlight","params":{"textDocument":{"uri":"file:///c%3A/Users/GGPC/TTTTTTTTT.py"},"position":{"line":9,"character":2}}}')
DEBUG:pygls.protocol:Request message received.
DEBUG:pygls.protocol:Sending notification: "window/logMessage" type=<MessageType.Log: 4> message='woooooooooooooo!'
INFO:pygls.protocol:Sending data: {"jsonrpc": "2.0", "method": "window/logMessage", "params": {"type": 4, "message": "woooooooooooooo!"}}
INFO:pygls.protocol:Sending data: {"jsonrpc": "2.0", "id": 55, "result": [{"range": {"start": {"line": 10, "character": 4}, "end": {"line": 14, "character": 14}}}, {"range": {"start": {"line": 5, "character": 8}, "end": {"line": 8, "character": 24}}}]}
DEBUG:pygls.protocol:Received bytearray(b'Content-Length: 164\r\n\r\n')
DEBUG:pygls.protocol:Received bytearray(b'{"jsonrpc":"2.0","id":56,"method":"textDocument/hover","params":{"textDocument":{"uri":"file:///c%3A/Users/GGPC/TTTTTTTTT.py"},"position":{"line":9,"character":2}}}')
DEBUG:pygls.protocol:Request message received.
DEBUG:pygls.protocol:Sending notification: "window/logMessage" type=<MessageType.Log: 4> message='HOVER'
INFO:pygls.protocol:Sending data: {"jsonrpc": "2.0", "method": "window/logMessage", "params": {"type": 4, "message": "HOVER"}}
INFO:pygls.protocol:Sending data: {"jsonrpc": "2.0", "id": 56, "result": null}
DEBUG:pygls.protocol:Received bytearray(b'Content-Length: 165\r\n\r\n')
DEBUG:pygls.protocol:Received bytearray(b'{"jsonrpc":"2.0","id":57,"method":"textDocument/hover","params":{"textDocument":{"uri":"file:///c%3A/Users/GGPC/TTTTTTTTT.py"},"position":{"line":13,"character":8}}}')
DEBUG:pygls.protocol:Request message received.
INFO:pygls.protocol:Sending data: {"jsonrpc": "2.0", "id": 57, "result": null}
DEBUG:pygls.protocol:Received bytearray(b'Content-Length: 165\r\n\r\n')
DEBUG:pygls.protocol:Received bytearray(b'{"jsonrpc":"2.0","id":58,"method":"textDocument/hover","params":{"textDocument":{"uri":"file:///c%3A/Users/GGPC/TTTTTTTTT.py"},"position":{"line":10,"character":5}}}')
DEBUG:pygls.protocol:Request message received.
INFO:pygls.protocol:Sending data: {"jsonrpc": "2.0", "id": 58, "result": null}
DEBUG:pygls.protocol:Received bytearray(b'Content-Length: 165\r\n\r\n')
DEBUG:pygls.protocol:Received bytearray(b'{"jsonrpc":"2.0","id":59,"method":"textDocument/hover","params":{"textDocument":{"uri":"file:///c%3A/Users/GGPC/TTTTTTTTT.py"},"position":{"line":14,"character":7}}}')
DEBUG:pygls.protocol:Request message received.
INFO:pygls.protocol:Sending data: {"jsonrpc": "2.0", "id": 59, "result": null}
DEBUG:pygls.protocol:Received bytearray(b'Content-Length: 63\r\n\r\n')
DEBUG:pygls.protocol:Received bytearray(b'{"jsonrpc":"2.0","method":"$/cancelRequest","params":{"id":59}}')
DEBUG:pygls.protocol:Notification message received.
WARNING:pygls.protocol:Cancel notification for unknown message id "59"
DEBUG:pygls.protocol:Received bytearray(b'Content-Length: 165\r\n\r\n')
DEBUG:pygls.protocol:Received bytearray(b'{"jsonrpc":"2.0","id":60,"method":"textDocument/hover","params":{"textDocument":{"uri":"file:///c%3A/Users/GGPC/TTTTTTTTT.py"},"position":{"line":14,"character":6}}}')
DEBUG:pygls.protocol:Request message received.
INFO:pygls.protocol:Sending data: {"jsonrpc": "2.0", "id": 60, "result": null}
DEBUG:pygls.protocol:Received bytearray(b'Content-Length: 63\r\n\r\n')
DEBUG:pygls.protocol:Received bytearray(b'{"jsonrpc":"2.0","method":"$/cancelRequest","params":{"id":60}}')
DEBUG:pygls.protocol:Notification message received.
WARNING:pygls.protocol:Cancel notification for unknown message id "60"
DEBUG:pygls.protocol:Received bytearray(b'Content-Length: 165\r\n\r\n')
DEBUG:pygls.protocol:Received bytearray(b'{"jsonrpc":"2.0","id":61,"method":"textDocument/hover","params":{"textDocument":{"uri":"file:///c%3A/Users/GGPC/TTTTTTTTT.py"},"position":{"line":6,"character":10}}}')
DEBUG:pygls.protocol:Request message received.
DEBUG:pygls.protocol:Sending notification: "window/logMessage" type=<MessageType.Log: 4> message='HOVER'
INFO:pygls.protocol:Sending data: {"jsonrpc": "2.0", "method": "window/logMessage", "params": {"type": 4, "message": "HOVER"}}
INFO:pygls.protocol:Sending data: {"jsonrpc": "2.0", "id": 61, "result": null}
DEBUG:pygls.protocol:Received bytearray(b'Content-Length: 164\r\n\r\n')
DEBUG:pygls.protocol:Received bytearray(b'{"jsonrpc":"2.0","id":62,"method":"textDocument/hover","params":{"textDocument":{"uri":"file:///c%3A/Users/GGPC/TTTTTTTTT.py"},"position":{"line":5,"character":9}}}')
DEBUG:pygls.protocol:Request message received.
INFO:pygls.protocol:Sending data: {"jsonrpc": "2.0", "id": 62, "result": null}
DEBUG:pygls.protocol:Received bytearray(b'Content-Length: 63\r\n\r\n')
DEBUG:pygls.protocol:Received bytearray(b'{"jsonrpc":"2.0","method":"$/cancelRequest","params":{"id":62}}')
DEBUG:pygls.protocol:Notification message received.
WARNING:pygls.protocol:Cancel notification for unknown message id "62"
DEBUG:pygls.protocol:Received bytearray(b'Content-Length: 164\r\n\r\n')
DEBUG:pygls.protocol:Received bytearray(b'{"jsonrpc":"2.0","id":63,"method":"textDocument/hover","params":{"textDocument":{"uri":"file:///c%3A/Users/GGPC/TTTTTTTTT.py"},"position":{"line":7,"character":9}}}')
DEBUG:pygls.protocol:Request message received.
INFO:pygls.protocol:Sending data: {"jsonrpc": "2.0", "id": 63, "result": null}
DEBUG:pygls.protocol:Received bytearray(b'Content-Length: 63\r\n\r\n')
DEBUG:pygls.protocol:Received bytearray(b'{"jsonrpc":"2.0","method":"$/cancelRequest","params":{"id":63}}')
DEBUG:pygls.protocol:Notification message received.
WARNING:pygls.protocol:Cancel notification for unknown message id "63"
DEBUG:pygls.protocol:Received bytearray(b'Content-Length: 165\r\n\r\n')
DEBUG:pygls.protocol:Received bytearray(b'{"jsonrpc":"2.0","id":64,"method":"textDocument/hover","params":{"textDocument":{"uri":"file:///c%3A/Users/GGPC/TTTTTTTTT.py"},"position":{"line":14,"character":8}}}')
DEBUG:pygls.protocol:Request message received.
INFO:pygls.protocol:Sending data: {"jsonrpc": "2.0", "id": 64, "result": null}
DEBUG:pygls.protocol:Received bytearray(b'Content-Length: 63\r\n\r\n')
DEBUG:pygls.protocol:Received bytearray(b'{"jsonrpc":"2.0","method":"$/cancelRequest","params":{"id":64}}')
DEBUG:pygls.protocol:Notification message received.
WARNING:pygls.protocol:Cancel notification for unknown message id "64"
DEBUG:pygls.protocol:Received bytearray(b'Content-Length: 165\r\n\r\n')
DEBUG:pygls.protocol:Received bytearray(b'{"jsonrpc":"2.0","id":65,"method":"textDocument/hover","params":{"textDocument":{"uri":"file:///c%3A/Users/GGPC/TTTTTTTTT.py"},"position":{"line":13,"character":9}}}')
DEBUG:pygls.protocol:Request message received.
INFO:pygls.protocol:Sending data: {"jsonrpc": "2.0", "id": 65, "result": null}
DEBUG:pygls.protocol:Received bytearray(b'Content-Length: 165\r\n\r\n')
DEBUG:pygls.protocol:Received bytearray(b'{"jsonrpc":"2.0","id":66,"method":"textDocument/hover","params":{"textDocument":{"uri":"file:///c%3A/Users/GGPC/TTTTTTTTT.py"},"position":{"line":14,"character":9}}}')
DEBUG:pygls.protocol:Request message received.
INFO:pygls.protocol:Sending data: {"jsonrpc": "2.0", "id": 66, "result": null}
DEBUG:pygls.protocol:Received bytearray(b'Content-Length: 165\r\n\r\n')
DEBUG:pygls.protocol:Received bytearray(b'{"jsonrpc":"2.0","id":67,"method":"textDocument/hover","params":{"textDocument":{"uri":"file:///c%3A/Users/GGPC/TTTTTTTTT.py"},"position":{"line":11,"character":9}}}')
DEBUG:pygls.protocol:Request message received.
INFO:pygls.protocol:Sending data: {"jsonrpc": "2.0", "id": 67, "result": null}
DEBUG:pygls.protocol:Received bytearray(b'Content-Length: 165\r\n\r\n')
DEBUG:pygls.protocol:Received bytearray(b'{"jsonrpc":"2.0","id":68,"method":"textDocument/hover","params":{"textDocument":{"uri":"file:///c%3A/Users/GGPC/TTTTTTTTT.py"},"position":{"line":11,"character":9}}}')
DEBUG:pygls.protocol:Request message received.
INFO:pygls.protocol:Sending data: {"jsonrpc": "2.0", "id": 68, "result": null}
DEBUG:pygls.protocol:Received bytearray(b'Content-Length: 166\r\n\r\n')
DEBUG:pygls.protocol:Received bytearray(b'{"jsonrpc":"2.0","id":69,"method":"textDocument/hover","params":{"textDocument":{"uri":"file:///c%3A/Users/GGPC/TTTTTTTTT.py"},"position":{"line":11,"character":15}}}')
DEBUG:pygls.protocol:Request message received.
INFO:pygls.protocol:Sending data: {"jsonrpc": "2.0", "id": 69, "result": null}
DEBUG:pygls.protocol:Received bytearray(b'Content-Length: 166\r\n\r\n')
DEBUG:pygls.protocol:Received bytearray(b'{"jsonrpc":"2.0","id":70,"method":"textDocument/hover","params":{"textDocument":{"uri":"file:///c%3A/Users/GGPC/TTTTTTTTT.py"},"position":{"line":11,"character":13}}}')
DEBUG:pygls.protocol:Request message received.
INFO:pygls.protocol:Sending data: {"jsonrpc": "2.0", "id": 70, "result": null}
DEBUG:pygls.protocol:Received bytearray(b'Content-Length: 165\r\n\r\n')
DEBUG:pygls.protocol:Received bytearray(b'{"jsonrpc":"2.0","id":71,"method":"textDocument/hover","params":{"textDocument":{"uri":"file:///c%3A/Users/GGPC/TTTTTTTTT.py"},"position":{"line":10,"character":6}}}')
DEBUG:pygls.protocol:Request message received.
INFO:pygls.protocol:Sending data: {"jsonrpc": "2.0", "id": 71, "result": null}
DEBUG:pygls.protocol:Received bytearray(b'Content-Length: 165\r\n\r\n')
DEBUG:pygls.protocol:Received bytearray(b'{"jsonrpc":"2.0","id":72,"method":"textDocument/hover","params":{"textDocument":{"uri":"file:///c%3A/Users/GGPC/TTTTTTTTT.py"},"position":{"line":10,"character":6}}}')
DEBUG:pygls.protocol:Request message received.
INFO:pygls.protocol:Sending data: {"jsonrpc": "2.0", "id": 72, "result": null}
DEBUG:pygls.protocol:Received bytearray(b'Content-Length: 63\r\n\r\n')
DEBUG:pygls.protocol:Received bytearray(b'{"jsonrpc":"2.0","method":"$/cancelRequest","params":{"id":72}}')
DEBUG:pygls.protocol:Notification message received.
WARNING:pygls.protocol:Cancel notification for unknown message id "72"
DEBUG:pygls.protocol:Received bytearray(b'Content-Length: 166\r\n\r\n')
DEBUG:pygls.protocol:Received bytearray(b'{"jsonrpc":"2.0","id":73,"method":"textDocument/hover","params":{"textDocument":{"uri":"file:///c%3A/Users/GGPC/TTTTTTTTT.py"},"position":{"line":13,"character":10}}}')
DEBUG:pygls.protocol:Request message received.
INFO:pygls.protocol:Sending data: {"jsonrpc": "2.0", "id": 73, "result": null}
DEBUG:pygls.protocol:Received bytearray(b'Content-Length: 166\r\n\r\n')
DEBUG:pygls.protocol:Received bytearray(b'{"jsonrpc":"2.0","id":74,"method":"textDocument/hover","params":{"textDocument":{"uri":"file:///c%3A/Users/GGPC/TTTTTTTTT.py"},"position":{"line":14,"character":13}}}')
DEBUG:pygls.protocol:Request message received.
INFO:pygls.protocol:Sending data: {"jsonrpc": "2.0", "id": 74, "result": null}
DEBUG:pygls.protocol:Received bytearray(b'Content-Length: 165\r\n\r\n')
DEBUG:pygls.protocol:Received bytearray(b'{"jsonrpc":"2.0","id":75,"method":"textDocument/hover","params":{"textDocument":{"uri":"file:///c%3A/Users/GGPC/TTTTTTTTT.py"},"position":{"line":14,"character":5}}}')
DEBUG:pygls.protocol:Request message received.
INFO:pygls.protocol:Sending data: {"jsonrpc": "2.0", "id": 75, "result": null}
DEBUG:pygls.protocol:Received bytearray(b'Content-Length: 165\r\n\r\n')
DEBUG:pygls.protocol:Received bytearray(b'{"jsonrpc":"2.0","id":76,"method":"textDocument/hover","params":{"textDocument":{"uri":"file:///c%3A/Users/GGPC/TTTTTTTTT.py"},"position":{"line":8,"character":12}}}')
DEBUG:pygls.protocol:Request message received.
INFO:pygls.protocol:Sending data: {"jsonrpc": "2.0", "id": 76, "result": null}
DEBUG:pygls.protocol:Received bytearray(b'Content-Length: 165\r\n\r\n')
DEBUG:pygls.protocol:Received bytearray(b'{"jsonrpc":"2.0","id":77,"method":"textDocument/hover","params":{"textDocument":{"uri":"file:///c%3A/Users/GGPC/TTTTTTTTT.py"},"position":{"line":6,"character":10}}}')
DEBUG:pygls.protocol:Request message received.
DEBUG:pygls.protocol:Sending notification: "window/logMessage" type=<MessageType.Log: 4> message='HOVER'
INFO:pygls.protocol:Sending data: {"jsonrpc": "2.0", "method": "window/logMessage", "params": {"type": 4, "message": "HOVER"}}
INFO:pygls.protocol:Sending data: {"jsonrpc": "2.0", "id": 77, "result": null}
DEBUG:pygls.protocol:Received bytearray(b'Content-Length: 63\r\n\r\n')
DEBUG:pygls.protocol:Received bytearray(b'{"jsonrpc":"2.0","method":"$/cancelRequest","params":{"id":77}}')
DEBUG:pygls.protocol:Notification message received.
WARNING:pygls.protocol:Cancel notification for unknown message id "77"
DEBUG:pygls.protocol:Received bytearray(b'Content-Length: 166\r\n\r\n')
DEBUG:pygls.protocol:Received bytearray(b'{"jsonrpc":"2.0","id":78,"method":"textDocument/hover","params":{"textDocument":{"uri":"file:///c%3A/Users/GGPC/TTTTTTTTT.py"},"position":{"line":16,"character":14}}}')
DEBUG:pygls.protocol:Request message received.
INFO:pygls.protocol:Sending data: {"jsonrpc": "2.0", "id": 78, "result": null}
DEBUG:pygls.protocol:Received bytearray(b'Content-Length: 63\r\n\r\n')
DEBUG:pygls.protocol:Received bytearray(b'{"jsonrpc":"2.0","method":"$/cancelRequest","params":{"id":78}}')
DEBUG:pygls.protocol:Notification message received.
WARNING:pygls.protocol:Cancel notification for unknown message id "78"
DEBUG:pygls.protocol:Received bytearray(b'Content-Length: 165\r\n\r\n')
DEBUG:pygls.protocol:Received bytearray(b'{"jsonrpc":"2.0","id":79,"method":"textDocument/hover","params":{"textDocument":{"uri":"file:///c%3A/Users/GGPC/TTTTTTTTT.py"},"position":{"line":13,"character":9}}}')
DEBUG:pygls.protocol:Request message received.
INFO:pygls.protocol:Sending data: {"jsonrpc": "2.0", "id": 79, "result": null}
DEBUG:pygls.protocol:Received bytearray(b'Content-Length: 165\r\n\r\n')
DEBUG:pygls.protocol:Received bytearray(b'{"jsonrpc":"2.0","id":80,"method":"textDocument/hover","params":{"textDocument":{"uri":"file:///c%3A/Users/GGPC/TTTTTTTTT.py"},"position":{"line":13,"character":6}}}')
DEBUG:pygls.protocol:Request message received.
INFO:pygls.protocol:Sending data: {"jsonrpc": "2.0", "id": 80, "result": null}
DEBUG:pygls.protocol:Received bytearray(b'Content-Length: 165\r\n\r\n')
DEBUG:pygls.protocol:Received bytearray(b'{"jsonrpc":"2.0","id":81,"method":"textDocument/hover","params":{"textDocument":{"uri":"file:///c%3A/Users/GGPC/TTTTTTTTT.py"},"position":{"line":13,"character":5}}}')
DEBUG:pygls.protocol:Request message received.
INFO:pygls.protocol:Sending data: {"jsonrpc": "2.0", "id": 81, "result": null}
DEBUG:pygls.protocol:Received bytearray(b'Content-Length: 165\r\n\r\n')
DEBUG:pygls.protocol:Received bytearray(b'{"jsonrpc":"2.0","id":82,"method":"textDocument/hover","params":{"textDocument":{"uri":"file:///c%3A/Users/GGPC/TTTTTTTTT.py"},"position":{"line":11,"character":7}}}')
DEBUG:pygls.protocol:Request message received.
INFO:pygls.protocol:Sending data: {"jsonrpc": "2.0", "id": 82, "result": null}
DEBUG:pygls.protocol:Received bytearray(b'Content-Length: 63\r\n\r\n')
DEBUG:pygls.protocol:Received bytearray(b'{"jsonrpc":"2.0","method":"$/cancelRequest","params":{"id":82}}')
DEBUG:pygls.protocol:Notification message received.
WARNING:pygls.protocol:Cancel notification for unknown message id "82"
DEBUG:pygls.protocol:Received bytearray(b'Content-Length: 164\r\n\r\n')
DEBUG:pygls.protocol:Received bytearray(b'{"jsonrpc":"2.0","id":83,"method":"textDocument/hover","params":{"textDocument":{"uri":"file:///c%3A/Users/GGPC/TTTTTTTTT.py"},"position":{"line":5,"character":6}}}')
DEBUG:pygls.protocol:Request message received.
INFO:pygls.protocol:Sending data: {"jsonrpc": "2.0", "id": 83, "result": null}
DEBUG:pygls.protocol:Received bytearray(b'Content-Length: 63\r\n\r\n')
DEBUG:pygls.protocol:Received bytearray(b'{"jsonrpc":"2.0","method":"$/cancelRequest","params":{"id":83}}')
DEBUG:pygls.protocol:Notification message received.
WARNING:pygls.protocol:Cancel notification for unknown message id "83"
DEBUG:pygls.protocol:Received bytearray(b'Content-Length: 164\r\n\r\n')
DEBUG:pygls.protocol:Received bytearray(b'{"jsonrpc":"2.0","id":84,"method":"textDocument/hover","params":{"textDocument":{"uri":"file:///c%3A/Users/GGPC/TTTTTTTTT.py"},"position":{"line":6,"character":7}}}')
DEBUG:pygls.protocol:Request message received.
DEBUG:pygls.protocol:Sending notification: "window/logMessage" type=<MessageType.Log: 4> message='HOVER'
INFO:pygls.protocol:Sending data: {"jsonrpc": "2.0", "method": "window/logMessage", "params": {"type": 4, "message": "HOVER"}}
INFO:pygls.protocol:Sending data: {"jsonrpc": "2.0", "id": 84, "result": null}
DEBUG:pygls.protocol:Received bytearray(b'Content-Length: 177\r\n\r\n')
DEBUG:pygls.protocol:Received bytearray(b'{"jsonrpc":"2.0","id":85,"method":"textDocument/documentHighlight","params":{"textDocument":{"uri":"file:///c%3A/Users/GGPC/TTTTTTTTT.py"},"position":{"line":8,"character":24}}}')
DEBUG:pygls.protocol:Request message received.
DEBUG:pygls.protocol:Sending notification: "window/logMessage" type=<MessageType.Log: 4> message='woooooooooooooo!'
INFO:pygls.protocol:Sending data: {"jsonrpc": "2.0", "method": "window/logMessage", "params": {"type": 4, "message": "woooooooooooooo!"}}
INFO:pygls.protocol:Sending data: {"jsonrpc": "2.0", "id": 85, "result": [{"range": {"start": {"line": 10, "character": 4}, "end": {"line": 14, "character": 14}}}, {"range": {"start": {"line": 5, "character": 8}, "end": {"line": 8, "character": 24}}}]}
DEBUG:pygls.protocol:Received bytearray(b'Content-Length: 45\r\n\r\n')
DEBUG:pygls.protocol:Received bytearray(b'{"jsonrpc":"2.0","id":86,"method":"shutdown"}')
DEBUG:pygls.protocol:Request message received.
INFO:pygls.protocol:Sending data: {"jsonrpc": "2.0", "id": 86, "result": null}
ERROR:pygls.protocol:Connection to the client is lost! Shutting down the server.
INFO:pygls.server:Shutting down the server
INFO:pygls.server:Closing the event loop.
